<?xml version="1.0" encoding="UTF-8"?>
<!-- Generated by org.testng.reporters.JUnitReportReporter -->
<testsuite hostname="LAPTOP-UNPNO2TU" failures="0" tests="1" name="com.naveenAutomation.tests.GiftPurchaseConfirmationPageTest" time="4.849" errors="0" timestamp="2024-03-09T18:19:39 EST" skipped="0">
  <testcase classname="com.naveenAutomation.tests.GiftPurchaseConfirmationPageTest" name="validateGiftCertificatePurchase" time="4.849"/>
  <system-out/>
</testsuite> <!-- com.naveenAutomation.tests.GiftPurchaseConfirmationPageTest -->
