<?xml version="1.0" encoding="UTF-8"?>
<!-- Generated by org.testng.reporters.JUnitReportReporter -->
<testsuite hostname="LAPTOP-UNPNO2TU" failures="0" tests="2" name="com.naveenAutomation.tests.ReturnPageTest" time="16.851" errors="0" timestamp="2024-03-09T18:44:07 EST" skipped="0">
  <testcase classname="com.naveenAutomation.tests.ReturnPageTest" name="validateReturnRequestWithInvalidEmail" time="8.553"/>
  <system-out/>
  <testcase classname="com.naveenAutomation.tests.ReturnPageTest" name="validateReturnRequestWithMissingOrderId" time="8.298"/>
  <system-out/>
</testsuite> <!-- com.naveenAutomation.tests.ReturnPageTest -->
