<?xml version="1.0" encoding="UTF-8"?>
<!-- Generated by org.testng.reporters.JUnitReportReporter -->
<testsuite hostname="LAPTOP-UNPNO2TU" failures="0" tests="1" name="com.naveenAutomation.tests.AddressBookPageTest" time="7.321" errors="0" timestamp="2024-03-09T18:44:07 EST" skipped="0">
  <testcase classname="com.naveenAutomation.tests.AddressBookPageTest" name="validateSubmitAddress" time="7.321"/>
  <system-out/>
</testsuite> <!-- com.naveenAutomation.tests.AddressBookPageTest -->
