<?xml version="1.0" encoding="UTF-8"?>
<!-- Generated by org.testng.reporters.JUnitReportReporter -->
<testsuite hostname="LAPTOP-UNPNO2TU" failures="0" tests="2" name="com.naveenAutomation.tests.MyAccountInformationPageTest" time="11.624" errors="0" timestamp="2024-03-09T18:19:39 EST" skipped="0">
  <testcase classname="com.naveenAutomation.tests.MyAccountInformationPageTest" name="validateUpdateAccountInfoWithInvalidEmail" time="5.783"/>
  <system-out/>
  <testcase classname="com.naveenAutomation.tests.MyAccountInformationPageTest" name="validateUpdateAccountInfoWithMissingPhoneNum" time="5.841"/>
  <system-out/>
</testsuite> <!-- com.naveenAutomation.tests.MyAccountInformationPageTest -->
