<?xml version="1.0" encoding="UTF-8"?>
<!-- Generated by org.testng.reporters.JUnitReportReporter -->
<testsuite hostname="LAPTOP-UNPNO2TU" failures="0" tests="1" name="com.naveenAutomation.tests.ChangePasswordPageTest" time="5.162" errors="0" timestamp="2024-03-09T18:19:39 EST" skipped="0">
  <testcase classname="com.naveenAutomation.tests.ChangePasswordPageTest" name="validateUpdatePasswordWithMismatchedConfirmation" time="5.162"/>
  <system-out/>
</testsuite> <!-- com.naveenAutomation.tests.ChangePasswordPageTest -->
