<?xml version="1.0" encoding="UTF-8"?>
<!-- Generated by org.testng.reporters.JUnitReportReporter -->
<testsuite hostname="LAPTOP-UNPNO2TU" failures="0" tests="2" name="com.naveenAutomation.tests.OrderConfirmationPageTest" time="31.973" errors="0" timestamp="2024-03-09T18:19:39 EST" skipped="0">
  <testcase classname="com.naveenAutomation.tests.OrderConfirmationPageTest" name="validateCompletePurchaseForSingleItem" time="15.640"/>
  <system-out/>
  <testcase classname="com.naveenAutomation.tests.OrderConfirmationPageTest" name="validateCompletePurchaseForMultipleItems" time="16.333"/>
  <system-out/>
</testsuite> <!-- com.naveenAutomation.tests.OrderConfirmationPageTest -->
