<?xml version="1.0" encoding="UTF-8"?>
<!-- Generated by org.testng.reporters.JUnitReportReporter -->
<testsuite hostname="LAPTOP-UNPNO2TU" failures="0" tests="2" name="com.naveenAutomation.tests.AccountLogoutPageTest" time="10.395" errors="0" timestamp="2024-03-09T18:19:39 EST" skipped="0">
  <testcase classname="com.naveenAutomation.tests.AccountLogoutPageTest" name="validateSignOutFromSideMenuBtn" time="5.261"/>
  <system-out/>
  <testcase classname="com.naveenAutomation.tests.AccountLogoutPageTest" name="validateSignOutFromMyAccountDropDwn" time="5.134"/>
  <system-out/>
</testsuite> <!-- com.naveenAutomation.tests.AccountLogoutPageTest -->
