<?xml version="1.0" encoding="UTF-8"?>
<!-- Generated by org.testng.reporters.JUnitReportReporter -->
<testsuite hostname="LAPTOP-UNPNO2TU" failures="0" tests="1" name="com.naveenAutomation.tests.AccountLoginPageTest" time="6.013" errors="0" timestamp="2024-03-09T18:34:39 EST" skipped="0">
  <testcase classname="com.naveenAutomation.tests.AccountLoginPageTest" name="validateLoginWithIncorrectPassword" time="6.013"/>
  <system-out/>
</testsuite> <!-- com.naveenAutomation.tests.AccountLoginPageTest -->
