<?xml version="1.0" encoding="UTF-8"?>
<!-- Generated by org.testng.reporters.JUnitReportReporter -->
<testsuite hostname="LAPTOP-UNPNO2TU" failures="0" tests="4" name="com.naveenAutomation.tests.MyWishListPageTest" time="26.733" errors="0" timestamp="2024-03-09T18:19:39 EST" skipped="0">
  <testcase classname="com.naveenAutomation.tests.MyWishListPageTest" name="validateAddItemToWishList" time="6.123"/>
  <system-out/>
  <testcase classname="com.naveenAutomation.tests.MyWishListPageTest" name="validateRemoveItemFromWishList" time="7.374"/>
  <system-out/>
  <testcase classname="com.naveenAutomation.tests.MyWishListPageTest" name="validateMoveWishListItemToCart" time="6.751"/>
  <system-out/>
  <testcase classname="com.naveenAutomation.tests.MyWishListPageTest" name="validateAddMultipleItemsToWishList" time="6.485"/>
  <system-out/>
</testsuite> <!-- com.naveenAutomation.tests.MyWishListPageTest -->
