<?xml version="1.0" encoding="UTF-8"?>
<!-- Generated by org.testng.reporters.JUnitReportReporter -->
<testsuite hostname="LAPTOP-UNPNO2TU" failures="0" tests="3" name="com.naveenAutomation.tests.ContactUsPageTest" time="12.947" errors="0" timestamp="2024-03-09T18:19:39 EST" skipped="0">
  <testcase classname="com.naveenAutomation.tests.ContactUsPageTest" name="validateContactUsWithInvalidEmail" time="4.229"/>
  <system-out/>
  <testcase classname="com.naveenAutomation.tests.ContactUsPageTest" name="validateContactUsWithIncompleteName" time="4.456"/>
  <system-out/>
  <testcase classname="com.naveenAutomation.tests.ContactUsPageTest" name="validateContactUsWithInvalidEnquiryLength" time="4.262"/>
  <system-out/>
</testsuite> <!-- com.naveenAutomation.tests.ContactUsPageTest -->
