<?xml version="1.0" encoding="UTF-8"?>
<!-- Generated by org.testng.reporters.JUnitReportReporter -->
<testsuite hostname="LAPTOP-UNPNO2TU" failures="0" tests="2" name="com.naveenAutomation.tests.GiftCertificatePageTest" time="9.461" errors="0" timestamp="2024-03-09T18:19:39 EST" skipped="0">
  <testcase classname="com.naveenAutomation.tests.GiftCertificatePageTest" name="validateGiftPurchaseWithInvalidRecipientEmail" time="4.628"/>
  <system-out/>
  <testcase classname="com.naveenAutomation.tests.GiftCertificatePageTest" name="validateGiftPurchaseWithIncompleteAmount" time="4.833"/>
  <system-out/>
</testsuite> <!-- com.naveenAutomation.tests.GiftCertificatePageTest -->
